#! /usr/bin/vvp
:ivl_version "12.0 (stable)";
:ivl_delay_selection "TYPICAL";
:vpi_time_precision - 12;
:vpi_module "/usr/lib/x86_64-linux-gnu/ivl/system.vpi";
:vpi_module "/usr/lib/x86_64-linux-gnu/ivl/vhdl_sys.vpi";
:vpi_module "/usr/lib/x86_64-linux-gnu/ivl/vhdl_textio.vpi";
:vpi_module "/usr/lib/x86_64-linux-gnu/ivl/v2005_math.vpi";
:vpi_module "/usr/lib/x86_64-linux-gnu/ivl/va_math.vpi";
S_0x56197198d120 .scope module, "alu4b_tb" "alu4b_tb" 2 3;
 .timescale -12 -12;
v0x5619719ad6b0_0 .var "A", 3 0;
v0x5619719ad790_0 .var "B", 3 0;
v0x5619719ad8e0_0 .net "Y", 7 0, v0x5619719ac850_0;  1 drivers
v0x5619719ad9e0_0 .var "clk", 0 0;
v0x5619719ada80_0 .net "done", 0 0, v0x5619719ac9b0_0;  1 drivers
v0x5619719adb20_0 .var "init", 0 0;
v0x5619719adbc0_0 .net "overflow", 0 0, v0x5619719ace80_0;  1 drivers
v0x5619719adc60_0 .var "rst", 0 0;
v0x5619719add50_0 .var "sel", 2 0;
v0x5619719ade80_0 .net "zero", 0 0, v0x5619719ad570_0;  1 drivers
E_0x561971958480 .event posedge, v0x56197197ed40_0;
E_0x5619719585e0 .event anyedge, v0x5619719ac9b0_0;
S_0x561971974790 .scope module, "uut" "alu4b" 2 11, 3 3 0, S_0x56197198d120;
 .timescale -9 -12;
    .port_info 0 /INPUT 4 "A";
    .port_info 1 /INPUT 4 "B";
    .port_info 2 /INPUT 3 "sel";
    .port_info 3 /INPUT 1 "clk";
    .port_info 4 /INPUT 1 "init";
    .port_info 5 /INPUT 1 "rst";
    .port_info 6 /OUTPUT 8 "Y";
    .port_info 7 /OUTPUT 1 "zero";
    .port_info 8 /OUTPUT 1 "overflow";
    .port_info 9 /OUTPUT 1 "done";
v0x5619719ac6b0_0 .net "A", 3 0, v0x5619719ad6b0_0;  1 drivers
v0x5619719ac790_0 .net "B", 3 0, v0x5619719ad790_0;  1 drivers
v0x5619719ac850_0 .var "Y", 7 0;
v0x5619719ac910_0 .net "clk", 0 0, v0x5619719ad9e0_0;  1 drivers
v0x5619719ac9b0_0 .var "done", 0 0;
v0x5619719acaa0_0 .net "init", 0 0, v0x5619719adb20_0;  1 drivers
v0x5619719acb40_0 .net "mul_done", 0 0, v0x5619719a5800_0;  1 drivers
v0x5619719acbe0_0 .net "mul_over", 0 0, v0x5619719a5b40_0;  1 drivers
v0x5619719acc80_0 .net "mul_res", 7 0, v0x561971980eb0_0;  1 drivers
v0x5619719acdb0_0 .net "mul_zero", 0 0, v0x5619719a5da0_0;  1 drivers
v0x5619719ace80_0 .var "overflow", 0 0;
v0x5619719acf20_0 .net "rst", 0 0, v0x5619719adc60_0;  1 drivers
v0x5619719acff0_0 .net "sel", 2 0, v0x5619719add50_0;  1 drivers
o0x7fecd117ce88 .functor BUFZ 1, C4<z>; HiZ drive
v0x5619719ad090_0 .net "sub_over", 0 0, o0x7fecd117ce88;  0 drivers
v0x5619719ad160_0 .net "sub_res", 3 0, L_0x5619719b1060;  1 drivers
v0x5619719ad230_0 .net "sub_zero", 0 0, L_0x5619719b12f0;  1 drivers
o0x7fecd117d9f8 .functor BUFZ 1, C4<z>; HiZ drive
v0x5619719ad300_0 .net "sum_over", 0 0, o0x7fecd117d9f8;  0 drivers
v0x5619719ad3d0_0 .net "sum_res", 3 0, L_0x5619719af5b0;  1 drivers
v0x5619719ad4a0_0 .net "sum_zero", 0 0, L_0x5619719af7e0;  1 drivers
v0x5619719ad570_0 .var "zero", 0 0;
E_0x561971958300/0 .event anyedge, v0x5619719acff0_0, v0x5619719abf10_0, v0x5619719ac4d0_0, v0x5619719ac410_0;
E_0x561971958300/1 .event anyedge, v0x5619719a8bb0_0, v0x5619719a9170_0, v0x5619719a90b0_0, v0x561971980eb0_0;
E_0x561971958300/2 .event anyedge, v0x5619719a5da0_0, v0x5619719a5b40_0, v0x5619719a5800_0, v0x56197198f440_0;
E_0x561971958300/3 .event anyedge, v0x56197198f8e0_0;
E_0x561971958300 .event/or E_0x561971958300/0, E_0x561971958300/1, E_0x561971958300/2, E_0x561971958300/3;
S_0x56197197c640 .scope module, "MULT" "mult4bits" 3 45, 4 1 0, S_0x561971974790;
 .timescale -9 -12;
    .port_info 0 /INPUT 4 "MD";
    .port_info 1 /INPUT 4 "MR";
    .port_info 2 /INPUT 1 "clk";
    .port_info 3 /INPUT 1 "init";
    .port_info 4 /INPUT 1 "rst";
    .port_info 5 /OUTPUT 8 "PP";
    .port_info 6 /OUTPUT 1 "done";
    .port_info 7 /OUTPUT 1 "overflow";
    .port_info 8 /OUTPUT 1 "zero";
P_0x56197197bf50 .param/l "ADD" 1 4 16, C4<010>;
P_0x56197197bf90 .param/l "CHECK" 1 4 15, C4<001>;
P_0x56197197bfd0 .param/l "END1" 1 4 18, C4<100>;
P_0x56197197c010 .param/l "SHIFT" 1 4 17, C4<011>;
P_0x56197197c050 .param/l "START" 1 4 14, C4<000>;
v0x56197198e600_0 .var "A", 3 0;
v0x56197198ec20_0 .var "B", 3 0;
v0x56197198f440_0 .net "MD", 3 0, v0x5619719ad6b0_0;  alias, 1 drivers
v0x56197198f8e0_0 .net "MR", 3 0, v0x5619719ad790_0;  alias, 1 drivers
v0x561971980eb0_0 .var "PP", 7 0;
v0x56197197ed40_0 .net "clk", 0 0, v0x5619719ad9e0_0;  alias, 1 drivers
v0x5619719a5800_0 .var "done", 0 0;
v0x5619719a58c0_0 .var "fsm_state", 2 0;
v0x5619719a59a0_0 .net "init", 0 0, v0x5619719adb20_0;  alias, 1 drivers
v0x5619719a5a60_0 .var "next_state", 2 0;
v0x5619719a5b40_0 .var "overflow", 0 0;
v0x5619719a5c00_0 .net "rst", 0 0, v0x5619719adc60_0;  alias, 1 drivers
v0x5619719a5cc0_0 .var "shift_count", 1 0;
v0x5619719a5da0_0 .var "zero", 0 0;
E_0x5619719391d0 .event posedge, v0x5619719a5c00_0, v0x56197197ed40_0;
E_0x56197198fd80 .event anyedge, v0x5619719a58c0_0, v0x5619719a59a0_0, v0x56197198ec20_0, v0x5619719a5cc0_0;
S_0x5619719a5f80 .scope module, "RESTA" "subs4b" 3 34, 5 3 0, S_0x561971974790;
 .timescale -9 -12;
    .port_info 0 /INPUT 4 "A";
    .port_info 1 /INPUT 4 "B";
    .port_info 2 /INPUT 1 "Ci";
    .port_info 3 /OUTPUT 4 "S";
    .port_info 4 /OUTPUT 1 "Co";
    .port_info 5 /OUTPUT 1 "overflow";
    .port_info 6 /OUTPUT 1 "zero";
v0x5619719a8780_0 .net "A", 3 0, v0x5619719ad6b0_0;  alias, 1 drivers
v0x5619719a8860_0 .net "B", 3 0, v0x5619719ad790_0;  alias, 1 drivers
v0x5619719a8930_0 .net "B_comp", 3 0, L_0x5619719af980;  1 drivers
L_0x7fecd11331c8 .functor BUFT 1, C4<0>, C4<0>, C4<0>, C4<0>;
v0x5619719a8a00_0 .net "Ci", 0 0, L_0x7fecd11331c8;  1 drivers
v0x5619719a8ac0_0 .net "Co", 0 0, L_0x5619719b0d70;  1 drivers
v0x5619719a8bb0_0 .net "S", 3 0, L_0x5619719b1060;  alias, 1 drivers
L_0x7fecd11330f0 .functor BUFT 1, C4<0000>, C4<0>, C4<0>, C4<0>;
v0x5619719a8c70_0 .net *"_ivl_0", 3 0, L_0x7fecd11330f0;  1 drivers
L_0x7fecd1133180 .functor BUFT 1, C4<0000>, C4<0>, C4<0>, C4<0>;
v0x5619719a8d50_0 .net/2u *"_ivl_31", 3 0, L_0x7fecd1133180;  1 drivers
v0x5619719a8e30_0 .net "c0", 0 0, L_0x5619719afd20;  1 drivers
v0x5619719a8ed0_0 .net "c1", 0 0, L_0x5619719b0270;  1 drivers
v0x5619719a8fc0_0 .net "c2", 0 0, L_0x5619719b0780;  1 drivers
v0x5619719a90b0_0 .net "overflow", 0 0, o0x7fecd117ce88;  alias, 0 drivers
v0x5619719a9170_0 .net "zero", 0 0, L_0x5619719b12f0;  alias, 1 drivers
L_0x5619719af980 .arith/sub 4, L_0x7fecd11330f0, v0x5619719ad790_0;
L_0x5619719afe30 .part v0x5619719ad6b0_0, 0, 1;
L_0x5619719afed0 .part L_0x5619719af980, 0, 1;
L_0x5619719b0380 .part v0x5619719ad6b0_0, 1, 1;
L_0x5619719b0450 .part L_0x5619719af980, 1, 1;
L_0x5619719b0890 .part v0x5619719ad6b0_0, 2, 1;
L_0x5619719b0970 .part L_0x5619719af980, 2, 1;
L_0x5619719b0ed0 .part v0x5619719ad6b0_0, 3, 1;
L_0x5619719b0fc0 .part L_0x5619719af980, 3, 1;
L_0x5619719b1060 .concat8 [ 1 1 1 1], L_0x5619719afc60, L_0x5619719b0200, L_0x5619719b06e0, L_0x5619719b0cd0;
L_0x5619719b12f0 .cmp/eq 4, L_0x5619719b1060, L_0x7fecd1133180;
S_0x5619719a6230 .scope module, "bit0" "adder" 5 20, 6 1 0, S_0x5619719a5f80;
 .timescale -9 -12;
    .port_info 0 /INPUT 1 "A";
    .port_info 1 /INPUT 1 "B";
    .port_info 2 /INPUT 1 "Ci";
    .port_info 3 /OUTPUT 1 "S";
    .port_info 4 /OUTPUT 1 "Co";
L_0x5619719afa20 .functor XOR 1, L_0x5619719afe30, L_0x5619719afed0, C4<0>, C4<0>;
L_0x5619719afa90 .functor AND 1, L_0x5619719afe30, L_0x5619719afed0, C4<1>, C4<1>;
L_0x7fecd1133138 .functor BUFT 1, C4<0>, C4<0>, C4<0>, C4<0>;
L_0x5619719afba0 .functor AND 1, L_0x7fecd1133138, L_0x5619719afa20, C4<1>, C4<1>;
L_0x5619719afc60 .functor XOR 1, L_0x7fecd1133138, L_0x5619719afa20, C4<0>, C4<0>;
L_0x5619719afd20 .functor OR 1, L_0x5619719afa90, L_0x5619719afba0, C4<0>, C4<0>;
v0x5619719a6490_0 .net "A", 0 0, L_0x5619719afe30;  1 drivers
v0x5619719a6570_0 .net "B", 0 0, L_0x5619719afed0;  1 drivers
v0x5619719a6630_0 .net "Ci", 0 0, L_0x7fecd1133138;  1 drivers
v0x5619719a66d0_0 .net "Co", 0 0, L_0x5619719afd20;  alias, 1 drivers
v0x5619719a6790_0 .net "S", 0 0, L_0x5619719afc60;  1 drivers
v0x5619719a68a0_0 .net "and1", 0 0, L_0x5619719afa90;  1 drivers
v0x5619719a6960_0 .net "and2", 0 0, L_0x5619719afba0;  1 drivers
v0x5619719a6a20_0 .net "xor1", 0 0, L_0x5619719afa20;  1 drivers
S_0x5619719a6b80 .scope module, "bit1" "adder" 5 21, 6 1 0, S_0x5619719a5f80;
 .timescale -9 -12;
    .port_info 0 /INPUT 1 "A";
    .port_info 1 /INPUT 1 "B";
    .port_info 2 /INPUT 1 "Ci";
    .port_info 3 /OUTPUT 1 "S";
    .port_info 4 /OUTPUT 1 "Co";
L_0x5619719b0010 .functor XOR 1, L_0x5619719b0380, L_0x5619719b0450, C4<0>, C4<0>;
L_0x5619719b0080 .functor AND 1, L_0x5619719b0380, L_0x5619719b0450, C4<1>, C4<1>;
L_0x5619719b0190 .functor AND 1, L_0x5619719afd20, L_0x5619719b0010, C4<1>, C4<1>;
L_0x5619719b0200 .functor XOR 1, L_0x5619719afd20, L_0x5619719b0010, C4<0>, C4<0>;
L_0x5619719b0270 .functor OR 1, L_0x5619719b0080, L_0x5619719b0190, C4<0>, C4<0>;
v0x5619719a6e00_0 .net "A", 0 0, L_0x5619719b0380;  1 drivers
v0x5619719a6ec0_0 .net "B", 0 0, L_0x5619719b0450;  1 drivers
v0x5619719a6f80_0 .net "Ci", 0 0, L_0x5619719afd20;  alias, 1 drivers
v0x5619719a7020_0 .net "Co", 0 0, L_0x5619719b0270;  alias, 1 drivers
v0x5619719a70c0_0 .net "S", 0 0, L_0x5619719b0200;  1 drivers
v0x5619719a71b0_0 .net "and1", 0 0, L_0x5619719b0080;  1 drivers
v0x5619719a7270_0 .net "and2", 0 0, L_0x5619719b0190;  1 drivers
v0x5619719a7330_0 .net "xor1", 0 0, L_0x5619719b0010;  1 drivers
S_0x5619719a7490 .scope module, "bit2" "adder" 5 22, 6 1 0, S_0x5619719a5f80;
 .timescale -9 -12;
    .port_info 0 /INPUT 1 "A";
    .port_info 1 /INPUT 1 "B";
    .port_info 2 /INPUT 1 "Ci";
    .port_info 3 /OUTPUT 1 "S";
    .port_info 4 /OUTPUT 1 "Co";
L_0x5619719b04f0 .functor XOR 1, L_0x5619719b0890, L_0x5619719b0970, C4<0>, C4<0>;
L_0x5619719b0560 .functor AND 1, L_0x5619719b0890, L_0x5619719b0970, C4<1>, C4<1>;
L_0x5619719b0670 .functor AND 1, L_0x5619719b0270, L_0x5619719b04f0, C4<1>, C4<1>;
L_0x5619719b06e0 .functor XOR 1, L_0x5619719b0270, L_0x5619719b04f0, C4<0>, C4<0>;
L_0x5619719b0780 .functor OR 1, L_0x5619719b0560, L_0x5619719b0670, C4<0>, C4<0>;
v0x5619719a7720_0 .net "A", 0 0, L_0x5619719b0890;  1 drivers
v0x5619719a77e0_0 .net "B", 0 0, L_0x5619719b0970;  1 drivers
v0x5619719a78a0_0 .net "Ci", 0 0, L_0x5619719b0270;  alias, 1 drivers
v0x5619719a79a0_0 .net "Co", 0 0, L_0x5619719b0780;  alias, 1 drivers
v0x5619719a7a40_0 .net "S", 0 0, L_0x5619719b06e0;  1 drivers
v0x5619719a7b30_0 .net "and1", 0 0, L_0x5619719b0560;  1 drivers
v0x5619719a7bf0_0 .net "and2", 0 0, L_0x5619719b0670;  1 drivers
v0x5619719a7cb0_0 .net "xor1", 0 0, L_0x5619719b04f0;  1 drivers
S_0x5619719a7e10 .scope module, "bit3" "adder" 5 23, 6 1 0, S_0x5619719a5f80;
 .timescale -9 -12;
    .port_info 0 /INPUT 1 "A";
    .port_info 1 /INPUT 1 "B";
    .port_info 2 /INPUT 1 "Ci";
    .port_info 3 /OUTPUT 1 "S";
    .port_info 4 /OUTPUT 1 "Co";
L_0x5619719b0aa0 .functor XOR 1, L_0x5619719b0ed0, L_0x5619719b0fc0, C4<0>, C4<0>;
L_0x5619719b0b10 .functor AND 1, L_0x5619719b0ed0, L_0x5619719b0fc0, C4<1>, C4<1>;
L_0x5619719b0bd0 .functor AND 1, L_0x5619719b0780, L_0x5619719b0aa0, C4<1>, C4<1>;
L_0x5619719b0cd0 .functor XOR 1, L_0x5619719b0780, L_0x5619719b0aa0, C4<0>, C4<0>;
L_0x5619719b0d70 .functor OR 1, L_0x5619719b0b10, L_0x5619719b0bd0, C4<0>, C4<0>;
v0x5619719a8070_0 .net "A", 0 0, L_0x5619719b0ed0;  1 drivers
v0x5619719a8150_0 .net "B", 0 0, L_0x5619719b0fc0;  1 drivers
v0x5619719a8210_0 .net "Ci", 0 0, L_0x5619719b0780;  alias, 1 drivers
v0x5619719a8310_0 .net "Co", 0 0, L_0x5619719b0d70;  alias, 1 drivers
v0x5619719a83b0_0 .net "S", 0 0, L_0x5619719b0cd0;  1 drivers
v0x5619719a84a0_0 .net "and1", 0 0, L_0x5619719b0b10;  1 drivers
v0x5619719a8560_0 .net "and2", 0 0, L_0x5619719b0bd0;  1 drivers
v0x5619719a8620_0 .net "xor1", 0 0, L_0x5619719b0aa0;  1 drivers
S_0x5619719a9350 .scope module, "SUMA" "adder4b" 3 23, 7 3 0, S_0x561971974790;
 .timescale -9 -12;
    .port_info 0 /INPUT 4 "A";
    .port_info 1 /INPUT 4 "B";
    .port_info 2 /INPUT 1 "Ci";
    .port_info 3 /OUTPUT 4 "S";
    .port_info 4 /OUTPUT 1 "Co";
    .port_info 5 /OUTPUT 1 "overflow";
    .port_info 6 /OUTPUT 1 "zero";
v0x5619719abb90_0 .net "A", 3 0, v0x5619719ad6b0_0;  alias, 1 drivers
v0x5619719abcc0_0 .net "B", 3 0, v0x5619719ad790_0;  alias, 1 drivers
L_0x7fecd11330a8 .functor BUFT 1, C4<0>, C4<0>, C4<0>, C4<0>;
v0x5619719abdd0_0 .net "Ci", 0 0, L_0x7fecd11330a8;  1 drivers
v0x5619719abe70_0 .net "Co", 0 0, L_0x5619719af1b0;  1 drivers
v0x5619719abf10_0 .net "S", 3 0, L_0x5619719af5b0;  alias, 1 drivers
L_0x7fecd1133060 .functor BUFT 1, C4<0000>, C4<0>, C4<0>, C4<0>;
v0x5619719ac020_0 .net/2u *"_ivl_27", 3 0, L_0x7fecd1133060;  1 drivers
v0x5619719ac100_0 .net "c0", 0 0, L_0x561971985e60;  1 drivers
v0x5619719ac1f0_0 .net "c1", 0 0, L_0x5619719ae630;  1 drivers
v0x5619719ac2e0_0 .net "c2", 0 0, L_0x5619719aec00;  1 drivers
v0x5619719ac410_0 .net "overflow", 0 0, o0x7fecd117d9f8;  alias, 0 drivers
v0x5619719ac4d0_0 .net "zero", 0 0, L_0x5619719af7e0;  alias, 1 drivers
L_0x5619719ae1a0 .part v0x5619719ad6b0_0, 0, 1;
L_0x5619719ae240 .part v0x5619719ad790_0, 0, 1;
L_0x5619719ae740 .part v0x5619719ad6b0_0, 1, 1;
L_0x5619719ae7e0 .part v0x5619719ad790_0, 1, 1;
L_0x5619719aed10 .part v0x5619719ad6b0_0, 2, 1;
L_0x5619719aedb0 .part v0x5619719ad790_0, 2, 1;
L_0x5619719af310 .part v0x5619719ad6b0_0, 3, 1;
L_0x5619719af3b0 .part v0x5619719ad790_0, 3, 1;
L_0x5619719af5b0 .concat8 [ 1 1 1 1], L_0x56197198f780, L_0x5619719ae590, L_0x5619719aeb60, L_0x5619719af110;
L_0x5619719af7e0 .cmp/eq 4, L_0x5619719af5b0, L_0x7fecd1133060;
S_0x5619719a95e0 .scope module, "bit0" "adder" 7 17, 6 1 0, S_0x5619719a9350;
 .timescale -9 -12;
    .port_info 0 /INPUT 1 "A";
    .port_info 1 /INPUT 1 "B";
    .port_info 2 /INPUT 1 "Ci";
    .port_info 3 /OUTPUT 1 "S";
    .port_info 4 /OUTPUT 1 "Co";
L_0x56197198e4a0 .functor XOR 1, L_0x5619719ae1a0, L_0x5619719ae240, C4<0>, C4<0>;
L_0x56197198eac0 .functor AND 1, L_0x5619719ae1a0, L_0x5619719ae240, C4<1>, C4<1>;
L_0x7fecd1133018 .functor BUFT 1, C4<0>, C4<0>, C4<0>, C4<0>;
L_0x56197198f2a0 .functor AND 1, L_0x7fecd1133018, L_0x56197198e4a0, C4<1>, C4<1>;
L_0x56197198f780 .functor XOR 1, L_0x7fecd1133018, L_0x56197198e4a0, C4<0>, C4<0>;
L_0x561971985e60 .functor OR 1, L_0x56197198eac0, L_0x56197198f2a0, C4<0>, C4<0>;
v0x5619719a9840_0 .net "A", 0 0, L_0x5619719ae1a0;  1 drivers
v0x5619719a9920_0 .net "B", 0 0, L_0x5619719ae240;  1 drivers
v0x5619719a99e0_0 .net "Ci", 0 0, L_0x7fecd1133018;  1 drivers
v0x5619719a9a80_0 .net "Co", 0 0, L_0x561971985e60;  alias, 1 drivers
v0x5619719a9b40_0 .net "S", 0 0, L_0x56197198f780;  1 drivers
v0x5619719a9c50_0 .net "and1", 0 0, L_0x56197198eac0;  1 drivers
v0x5619719a9d10_0 .net "and2", 0 0, L_0x56197198f2a0;  1 drivers
v0x5619719a9dd0_0 .net "xor1", 0 0, L_0x56197198e4a0;  1 drivers
S_0x5619719a9f30 .scope module, "bit1" "adder" 7 18, 6 1 0, S_0x5619719a9350;
 .timescale -9 -12;
    .port_info 0 /INPUT 1 "A";
    .port_info 1 /INPUT 1 "B";
    .port_info 2 /INPUT 1 "Ci";
    .port_info 3 /OUTPUT 1 "S";
    .port_info 4 /OUTPUT 1 "Co";
L_0x5619719ae2e0 .functor XOR 1, L_0x5619719ae740, L_0x5619719ae7e0, C4<0>, C4<0>;
L_0x5619719ae350 .functor AND 1, L_0x5619719ae740, L_0x5619719ae7e0, C4<1>, C4<1>;
L_0x5619719ae490 .functor AND 1, L_0x561971985e60, L_0x5619719ae2e0, C4<1>, C4<1>;
L_0x5619719ae590 .functor XOR 1, L_0x561971985e60, L_0x5619719ae2e0, C4<0>, C4<0>;
L_0x5619719ae630 .functor OR 1, L_0x5619719ae350, L_0x5619719ae490, C4<0>, C4<0>;
v0x5619719aa1b0_0 .net "A", 0 0, L_0x5619719ae740;  1 drivers
v0x5619719aa270_0 .net "B", 0 0, L_0x5619719ae7e0;  1 drivers
v0x5619719aa330_0 .net "Ci", 0 0, L_0x561971985e60;  alias, 1 drivers
v0x5619719aa430_0 .net "Co", 0 0, L_0x5619719ae630;  alias, 1 drivers
v0x5619719aa4d0_0 .net "S", 0 0, L_0x5619719ae590;  1 drivers
v0x5619719aa5c0_0 .net "and1", 0 0, L_0x5619719ae350;  1 drivers
v0x5619719aa680_0 .net "and2", 0 0, L_0x5619719ae490;  1 drivers
v0x5619719aa740_0 .net "xor1", 0 0, L_0x5619719ae2e0;  1 drivers
S_0x5619719aa8a0 .scope module, "bit2" "adder" 7 19, 6 1 0, S_0x5619719a9350;
 .timescale -9 -12;
    .port_info 0 /INPUT 1 "A";
    .port_info 1 /INPUT 1 "B";
    .port_info 2 /INPUT 1 "Ci";
    .port_info 3 /OUTPUT 1 "S";
    .port_info 4 /OUTPUT 1 "Co";
L_0x5619719ae8b0 .functor XOR 1, L_0x5619719aed10, L_0x5619719aedb0, C4<0>, C4<0>;
L_0x5619719ae920 .functor AND 1, L_0x5619719aed10, L_0x5619719aedb0, C4<1>, C4<1>;
L_0x5619719aea60 .functor AND 1, L_0x5619719ae630, L_0x5619719ae8b0, C4<1>, C4<1>;
L_0x5619719aeb60 .functor XOR 1, L_0x5619719ae630, L_0x5619719ae8b0, C4<0>, C4<0>;
L_0x5619719aec00 .functor OR 1, L_0x5619719ae920, L_0x5619719aea60, C4<0>, C4<0>;
v0x5619719aab30_0 .net "A", 0 0, L_0x5619719aed10;  1 drivers
v0x5619719aabf0_0 .net "B", 0 0, L_0x5619719aedb0;  1 drivers
v0x5619719aacb0_0 .net "Ci", 0 0, L_0x5619719ae630;  alias, 1 drivers
v0x5619719aadb0_0 .net "Co", 0 0, L_0x5619719aec00;  alias, 1 drivers
v0x5619719aae50_0 .net "S", 0 0, L_0x5619719aeb60;  1 drivers
v0x5619719aaf40_0 .net "and1", 0 0, L_0x5619719ae920;  1 drivers
v0x5619719ab000_0 .net "and2", 0 0, L_0x5619719aea60;  1 drivers
v0x5619719ab0c0_0 .net "xor1", 0 0, L_0x5619719ae8b0;  1 drivers
S_0x5619719ab220 .scope module, "bit3" "adder" 7 20, 6 1 0, S_0x5619719a9350;
 .timescale -9 -12;
    .port_info 0 /INPUT 1 "A";
    .port_info 1 /INPUT 1 "B";
    .port_info 2 /INPUT 1 "Ci";
    .port_info 3 /OUTPUT 1 "S";
    .port_info 4 /OUTPUT 1 "Co";
L_0x5619719aee90 .functor XOR 1, L_0x5619719af310, L_0x5619719af3b0, C4<0>, C4<0>;
L_0x5619719aef00 .functor AND 1, L_0x5619719af310, L_0x5619719af3b0, C4<1>, C4<1>;
L_0x5619719af010 .functor AND 1, L_0x5619719aec00, L_0x5619719aee90, C4<1>, C4<1>;
L_0x5619719af110 .functor XOR 1, L_0x5619719aec00, L_0x5619719aee90, C4<0>, C4<0>;
L_0x5619719af1b0 .functor OR 1, L_0x5619719aef00, L_0x5619719af010, C4<0>, C4<0>;
v0x5619719ab480_0 .net "A", 0 0, L_0x5619719af310;  1 drivers
v0x5619719ab560_0 .net "B", 0 0, L_0x5619719af3b0;  1 drivers
v0x5619719ab620_0 .net "Ci", 0 0, L_0x5619719aec00;  alias, 1 drivers
v0x5619719ab720_0 .net "Co", 0 0, L_0x5619719af1b0;  alias, 1 drivers
v0x5619719ab7c0_0 .net "S", 0 0, L_0x5619719af110;  1 drivers
v0x5619719ab8b0_0 .net "and1", 0 0, L_0x5619719aef00;  1 drivers
v0x5619719ab970_0 .net "and2", 0 0, L_0x5619719af010;  1 drivers
v0x5619719aba30_0 .net "xor1", 0 0, L_0x5619719aee90;  1 drivers
    .scope S_0x56197197c640;
T_0 ;
    %wait E_0x5619719391d0;
    %load/vec4 v0x5619719a5c00_0;
    %flag_set/vec4 8;
    %jmp/0xz  T_0.0, 8;
    %pushi/vec4 0, 0, 3;
    %assign/vec4 v0x5619719a58c0_0, 0;
    %jmp T_0.1;
T_0.0 ;
    %load/vec4 v0x5619719a5a60_0;
    %assign/vec4 v0x5619719a58c0_0, 0;
T_0.1 ;
    %jmp T_0;
    .thread T_0;
    .scope S_0x56197197c640;
T_1 ;
    %wait E_0x56197198fd80;
    %load/vec4 v0x5619719a58c0_0;
    %dup/vec4;
    %pushi/vec4 0, 0, 3;
    %cmp/u;
    %jmp/1 T_1.0, 6;
    %dup/vec4;
    %pushi/vec4 1, 0, 3;
    %cmp/u;
    %jmp/1 T_1.1, 6;
    %dup/vec4;
    %pushi/vec4 2, 0, 3;
    %cmp/u;
    %jmp/1 T_1.2, 6;
    %dup/vec4;
    %pushi/vec4 3, 0, 3;
    %cmp/u;
    %jmp/1 T_1.3, 6;
    %dup/vec4;
    %pushi/vec4 4, 0, 3;
    %cmp/u;
    %jmp/1 T_1.4, 6;
    %pushi/vec4 0, 0, 3;
    %store/vec4 v0x5619719a5a60_0, 0, 3;
    %jmp T_1.6;
T_1.0 ;
    %load/vec4 v0x5619719a59a0_0;
    %flag_set/vec4 8;
    %jmp/0 T_1.7, 8;
    %pushi/vec4 1, 0, 3;
    %jmp/1 T_1.8, 8;
T_1.7 ; End of true expr.
    %pushi/vec4 0, 0, 3;
    %jmp/0 T_1.8, 8;
 ; End of false expr.
    %blend;
T_1.8;
    %store/vec4 v0x5619719a5a60_0, 0, 3;
    %jmp T_1.6;
T_1.1 ;
    %load/vec4 v0x56197198ec20_0;
    %parti/s 1, 0, 2;
    %flag_set/vec4 8;
    %jmp/0 T_1.9, 8;
    %pushi/vec4 2, 0, 3;
    %jmp/1 T_1.10, 8;
T_1.9 ; End of true expr.
    %pushi/vec4 3, 0, 3;
    %jmp/0 T_1.10, 8;
 ; End of false expr.
    %blend;
T_1.10;
    %store/vec4 v0x5619719a5a60_0, 0, 3;
    %jmp T_1.6;
T_1.2 ;
    %pushi/vec4 3, 0, 3;
    %store/vec4 v0x5619719a5a60_0, 0, 3;
    %jmp T_1.6;
T_1.3 ;
    %load/vec4 v0x5619719a5cc0_0;
    %pad/u 32;
    %cmpi/e 2, 0, 32;
    %flag_mov 8, 4;
    %jmp/0 T_1.11, 8;
    %pushi/vec4 4, 0, 3;
    %jmp/1 T_1.12, 8;
T_1.11 ; End of true expr.
    %pushi/vec4 1, 0, 3;
    %jmp/0 T_1.12, 8;
 ; End of false expr.
    %blend;
T_1.12;
    %store/vec4 v0x5619719a5a60_0, 0, 3;
    %jmp T_1.6;
T_1.4 ;
    %pushi/vec4 0, 0, 3;
    %store/vec4 v0x5619719a5a60_0, 0, 3;
    %jmp T_1.6;
T_1.6 ;
    %pop/vec4 1;
    %jmp T_1;
    .thread T_1, $push;
    .scope S_0x56197197c640;
T_2 ;
    %wait E_0x5619719391d0;
    %load/vec4 v0x5619719a5c00_0;
    %flag_set/vec4 8;
    %jmp/0xz  T_2.0, 8;
    %pushi/vec4 0, 0, 8;
    %assign/vec4 v0x561971980eb0_0, 0;
    %pushi/vec4 0, 0, 4;
    %assign/vec4 v0x56197198e600_0, 0;
    %pushi/vec4 0, 0, 4;
    %assign/vec4 v0x56197198ec20_0, 0;
    %pushi/vec4 0, 0, 2;
    %assign/vec4 v0x5619719a5cc0_0, 0;
    %pushi/vec4 0, 0, 1;
    %assign/vec4 v0x5619719a5800_0, 0;
    %pushi/vec4 0, 0, 1;
    %assign/vec4 v0x5619719a5b40_0, 0;
    %pushi/vec4 0, 0, 1;
    %assign/vec4 v0x5619719a5da0_0, 0;
    %jmp T_2.1;
T_2.0 ;
    %load/vec4 v0x5619719a58c0_0;
    %dup/vec4;
    %pushi/vec4 0, 0, 3;
    %cmp/u;
    %jmp/1 T_2.2, 6;
    %dup/vec4;
    %pushi/vec4 1, 0, 3;
    %cmp/u;
    %jmp/1 T_2.3, 6;
    %dup/vec4;
    %pushi/vec4 2, 0, 3;
    %cmp/u;
    %jmp/1 T_2.4, 6;
    %dup/vec4;
    %pushi/vec4 3, 0, 3;
    %cmp/u;
    %jmp/1 T_2.5, 6;
    %dup/vec4;
    %pushi/vec4 4, 0, 3;
    %cmp/u;
    %jmp/1 T_2.6, 6;
    %jmp T_2.7;
T_2.2 ;
    %load/vec4 v0x5619719a59a0_0;
    %flag_set/vec4 8;
    %jmp/0xz  T_2.8, 8;
    %pushi/vec4 0, 0, 8;
    %assign/vec4 v0x561971980eb0_0, 0;
    %load/vec4 v0x56197198f440_0;
    %assign/vec4 v0x56197198e600_0, 0;
    %load/vec4 v0x56197198f8e0_0;
    %assign/vec4 v0x56197198ec20_0, 0;
    %pushi/vec4 0, 0, 2;
    %assign/vec4 v0x5619719a5cc0_0, 0;
    %pushi/vec4 0, 0, 1;
    %assign/vec4 v0x5619719a5800_0, 0;
    %pushi/vec4 0, 0, 1;
    %assign/vec4 v0x5619719a5b40_0, 0;
    %pushi/vec4 0, 0, 1;
    %assign/vec4 v0x5619719a5da0_0, 0;
T_2.8 ;
    %jmp T_2.7;
T_2.3 ;
    %jmp T_2.7;
T_2.4 ;
    %load/vec4 v0x561971980eb0_0;
    %load/vec4 v0x56197198e600_0;
    %pad/u 8;
    %ix/getv 4, v0x5619719a5cc0_0;
    %shiftl 4;
    %add;
    %assign/vec4 v0x561971980eb0_0, 0;
    %jmp T_2.7;
T_2.5 ;
    %load/vec4 v0x56197198ec20_0;
    %ix/load 4, 1, 0;
    %flag_set/imm 4, 0;
    %shiftr 4;
    %assign/vec4 v0x56197198ec20_0, 0;
    %load/vec4 v0x5619719a5cc0_0;
    %addi 1, 0, 2;
    %assign/vec4 v0x5619719a5cc0_0, 0;
    %jmp T_2.7;
T_2.6 ;
    %pushi/vec4 1, 0, 1;
    %assign/vec4 v0x5619719a5800_0, 0;
    %load/vec4 v0x561971980eb0_0;
    %pad/u 32;
    %pushi/vec4 0, 0, 32;
    %cmp/e;
    %flag_get/vec4 4;
    %assign/vec4 v0x5619719a5da0_0, 0;
    %pushi/vec4 225, 0, 8;
    %load/vec4 v0x561971980eb0_0;
    %cmp/u;
    %flag_get/vec4 5;
    %assign/vec4 v0x5619719a5b40_0, 0;
    %jmp T_2.7;
T_2.7 ;
    %pop/vec4 1;
T_2.1 ;
    %jmp T_2;
    .thread T_2;
    .scope S_0x561971974790;
T_3 ;
    %wait E_0x561971958300;
    %load/vec4 v0x5619719acff0_0;
    %dup/vec4;
    %pushi/vec4 0, 0, 3;
    %cmp/u;
    %jmp/1 T_3.0, 6;
    %dup/vec4;
    %pushi/vec4 1, 0, 3;
    %cmp/u;
    %jmp/1 T_3.1, 6;
    %dup/vec4;
    %pushi/vec4 2, 0, 3;
    %cmp/u;
    %jmp/1 T_3.2, 6;
    %dup/vec4;
    %pushi/vec4 3, 0, 3;
    %cmp/u;
    %jmp/1 T_3.3, 6;
    %dup/vec4;
    %pushi/vec4 4, 0, 3;
    %cmp/u;
    %jmp/1 T_3.4, 6;
    %pushi/vec4 0, 0, 8;
    %store/vec4 v0x5619719ac850_0, 0, 8;
    %pushi/vec4 1, 0, 1;
    %store/vec4 v0x5619719ad570_0, 0, 1;
    %pushi/vec4 0, 0, 1;
    %store/vec4 v0x5619719ace80_0, 0, 1;
    %pushi/vec4 0, 0, 1;
    %store/vec4 v0x5619719ac9b0_0, 0, 1;
    %jmp T_3.6;
T_3.0 ;
    %pushi/vec4 0, 0, 4;
    %load/vec4 v0x5619719ad3d0_0;
    %concat/vec4; draw_concat_vec4
    %store/vec4 v0x5619719ac850_0, 0, 8;
    %load/vec4 v0x5619719ad4a0_0;
    %store/vec4 v0x5619719ad570_0, 0, 1;
    %load/vec4 v0x5619719ad300_0;
    %store/vec4 v0x5619719ace80_0, 0, 1;
    %pushi/vec4 1, 0, 1;
    %store/vec4 v0x5619719ac9b0_0, 0, 1;
    %jmp T_3.6;
T_3.1 ;
    %pushi/vec4 0, 0, 4;
    %load/vec4 v0x5619719ad160_0;
    %concat/vec4; draw_concat_vec4
    %store/vec4 v0x5619719ac850_0, 0, 8;
    %load/vec4 v0x5619719ad230_0;
    %store/vec4 v0x5619719ad570_0, 0, 1;
    %load/vec4 v0x5619719ad090_0;
    %store/vec4 v0x5619719ace80_0, 0, 1;
    %pushi/vec4 1, 0, 1;
    %store/vec4 v0x5619719ac9b0_0, 0, 1;
    %jmp T_3.6;
T_3.2 ;
    %load/vec4 v0x5619719acc80_0;
    %store/vec4 v0x5619719ac850_0, 0, 8;
    %load/vec4 v0x5619719acdb0_0;
    %store/vec4 v0x5619719ad570_0, 0, 1;
    %load/vec4 v0x5619719acbe0_0;
    %store/vec4 v0x5619719ace80_0, 0, 1;
    %load/vec4 v0x5619719acb40_0;
    %store/vec4 v0x5619719ac9b0_0, 0, 1;
    %jmp T_3.6;
T_3.3 ;
    %pushi/vec4 0, 0, 4;
    %load/vec4 v0x5619719ac6b0_0;
    %load/vec4 v0x5619719ac790_0;
    %or;
    %concat/vec4; draw_concat_vec4
    %store/vec4 v0x5619719ac850_0, 0, 8;
    %load/vec4 v0x5619719ac6b0_0;
    %pad/u 32;
    %load/vec4 v0x5619719ac790_0;
    %pad/u 32;
    %or;
    %pushi/vec4 0, 0, 32;
    %cmp/e;
    %flag_get/vec4 4;
    %store/vec4 v0x5619719ad570_0, 0, 1;
    %pushi/vec4 0, 0, 1;
    %store/vec4 v0x5619719ace80_0, 0, 1;
    %pushi/vec4 1, 0, 1;
    %store/vec4 v0x5619719ac9b0_0, 0, 1;
    %jmp T_3.6;
T_3.4 ;
    %pushi/vec4 0, 0, 4;
    %load/vec4 v0x5619719ac6b0_0;
    %ix/load 4, 1, 0;
    %flag_set/imm 4, 0;
    %shiftl 4;
    %concat/vec4; draw_concat_vec4
    %store/vec4 v0x5619719ac850_0, 0, 8;
    %load/vec4 v0x5619719ac6b0_0;
    %pad/u 32;
    %ix/load 4, 1, 0;
    %flag_set/imm 4, 0;
    %shiftl 4;
    %pushi/vec4 0, 0, 32;
    %cmp/e;
    %flag_get/vec4 4;
    %store/vec4 v0x5619719ad570_0, 0, 1;
    %pushi/vec4 0, 0, 1;
    %store/vec4 v0x5619719ace80_0, 0, 1;
    %pushi/vec4 1, 0, 1;
    %store/vec4 v0x5619719ac9b0_0, 0, 1;
    %jmp T_3.6;
T_3.6 ;
    %pop/vec4 1;
    %jmp T_3;
    .thread T_3, $push;
    .scope S_0x56197198d120;
T_4 ;
    %pushi/vec4 0, 0, 1;
    %store/vec4 v0x5619719ad9e0_0, 0, 1;
    %end;
    .thread T_4;
    .scope S_0x56197198d120;
T_5 ;
    %delay 5, 0;
    %load/vec4 v0x5619719ad9e0_0;
    %inv;
    %store/vec4 v0x5619719ad9e0_0, 0, 1;
    %jmp T_5;
    .thread T_5;
    .scope S_0x56197198d120;
T_6 ;
    %vpi_call 2 23 "$dumpfile", "alu4b_tb.vcd" {0 0 0};
    %vpi_call 2 24 "$dumpvars", 32'sb00000000000000000000000000000000, S_0x56197198d120 {0 0 0};
    %end;
    .thread T_6;
    .scope S_0x56197198d120;
T_7 ;
    %pushi/vec4 1, 0, 1;
    %store/vec4 v0x5619719adc60_0, 0, 1;
    %pushi/vec4 0, 0, 1;
    %store/vec4 v0x5619719adb20_0, 0, 1;
    %pushi/vec4 0, 0, 4;
    %store/vec4 v0x5619719ad6b0_0, 0, 4;
    %pushi/vec4 0, 0, 4;
    %store/vec4 v0x5619719ad790_0, 0, 4;
    %pushi/vec4 0, 0, 3;
    %store/vec4 v0x5619719add50_0, 0, 3;
    %delay 20, 0;
    %pushi/vec4 0, 0, 1;
    %store/vec4 v0x5619719adc60_0, 0, 1;
    %pushi/vec4 0, 0, 3;
    %store/vec4 v0x5619719add50_0, 0, 3;
    %pushi/vec4 3, 0, 4;
    %store/vec4 v0x5619719ad6b0_0, 0, 4;
    %pushi/vec4 5, 0, 4;
    %store/vec4 v0x5619719ad790_0, 0, 4;
    %wait E_0x561971958480;
    %pushi/vec4 1, 0, 3;
    %store/vec4 v0x5619719add50_0, 0, 3;
    %pushi/vec4 6, 0, 4;
    %store/vec4 v0x5619719ad6b0_0, 0, 4;
    %pushi/vec4 3, 0, 4;
    %store/vec4 v0x5619719ad790_0, 0, 4;
    %wait E_0x561971958480;
    %pushi/vec4 2, 0, 3;
    %store/vec4 v0x5619719add50_0, 0, 3;
    %pushi/vec4 3, 0, 4;
    %store/vec4 v0x5619719ad6b0_0, 0, 4;
    %pushi/vec4 4, 0, 4;
    %store/vec4 v0x5619719ad790_0, 0, 4;
    %pushi/vec4 1, 0, 1;
    %store/vec4 v0x5619719adb20_0, 0, 1;
    %wait E_0x561971958480;
    %pushi/vec4 0, 0, 1;
    %store/vec4 v0x5619719adb20_0, 0, 1;
T_7.0 ;
    %load/vec4 v0x5619719ada80_0;
    %pad/u 32;
    %pushi/vec4 1, 0, 32;
    %cmp/e;
    %flag_get/vec4 4;
    %cmpi/ne 1, 0, 1;
    %jmp/0xz T_7.1, 6;
    %wait E_0x5619719585e0;
    %jmp T_7.0;
T_7.1 ;
    %wait E_0x561971958480;
    %pushi/vec4 3, 0, 3;
    %store/vec4 v0x5619719add50_0, 0, 3;
    %pushi/vec4 5, 0, 4;
    %store/vec4 v0x5619719ad6b0_0, 0, 4;
    %pushi/vec4 3, 0, 4;
    %store/vec4 v0x5619719ad790_0, 0, 4;
    %wait E_0x561971958480;
    %pushi/vec4 4, 0, 3;
    %store/vec4 v0x5619719add50_0, 0, 3;
    %pushi/vec4 5, 0, 4;
    %store/vec4 v0x5619719ad6b0_0, 0, 4;
    %pushi/vec4 0, 0, 4;
    %store/vec4 v0x5619719ad790_0, 0, 4;
    %wait E_0x561971958480;
    %delay 20, 0;
    %vpi_call 2 54 "$finish" {0 0 0};
    %end;
    .thread T_7;
# The file index is used to find the file name in the following table.
:file_names 8;
    "N/A";
    "<interactive>";
    "alu4b_tb.v";
    "alu4b.v";
    "mult4bits.v";
    "subs4b.v";
    "adder.v";
    "adder4b.v";
